2019-05-15 18:40:31,760 [Worker-2: Loading available Gradle versions] INFO  c.g.t.t.d.PublishedGradleVersions - Gradle version information cache is up-to-date. Trying to read.
2019-05-15 18:41:33,162 [Worker-4: Loading available Gradle versions] INFO  c.g.t.t.d.PublishedGradleVersions - Gradle version information cache is up-to-date. Trying to read.
2019-05-15 18:43:09,487 [Worker-9: Updating Maven Dependencies] INFO  o.e.m.c.i.l.LifecycleMappingFactory - Using org.eclipse.m2e.jdt.JarLifecycleMapping lifecycle mapping for MavenProject: 1:1:0.0.1-SNAPSHOT @ D:\Facultate\AnIII\2018\Sem2\PS\Laborator\ProiectDeSemestru\1\pom.xml.
2019-05-15 18:43:10,128 [Worker-5: Building workspace] INFO  o.e.m.c.i.l.LifecycleMappingFactory - Using org.eclipse.m2e.jdt.JarLifecycleMapping lifecycle mapping for MavenProject: 1:1:0.0.1-SNAPSHOT @ D:\Facultate\AnIII\2018\Sem2\PS\Laborator\ProiectDeSemestru\1\pom.xml.
2019-05-15 18:43:14,601 [Worker-5: Building workspace] INFO  o.e.m.c.i.embedder.EclipseLogger - Using 'UTF-8' encoding to copy filtered resources.
2019-05-15 18:43:14,601 [Worker-5: Building workspace] INFO  o.e.m.c.i.embedder.EclipseLogger - skip non existing resourceDirectory D:\Facultate\AnIII\2018\Sem2\PS\Laborator\ProiectDeSemestru\1\src\main\resources
2019-05-15 18:43:14,611 [Worker-5: Building workspace] INFO  o.e.m.c.i.embedder.EclipseLogger - Using 'UTF-8' encoding to copy filtered resources.
2019-05-15 18:43:14,611 [Worker-5: Building workspace] INFO  o.e.m.c.i.embedder.EclipseLogger - skip non existing resourceDirectory D:\Facultate\AnIII\2018\Sem2\PS\Laborator\ProiectDeSemestru\1\src\test\resources
2019-05-15 18:43:18,237 [Worker-14: Updating Maven Dependencies] INFO  o.e.m.c.i.l.LifecycleMappingFactory - Using org.eclipse.m2e.jdt.JarLifecycleMapping lifecycle mapping for MavenProject: 1:1:0.0.1-SNAPSHOT @ D:\Facultate\AnIII\2018\Sem2\PS\Laborator\ProiectDeSemestru\1\pom.xml.
2019-05-15 18:43:18,782 [Worker-11: Building workspace] INFO  o.e.m.c.i.embedder.EclipseLogger - Using 'UTF-8' encoding to copy filtered resources.
2019-05-15 18:43:18,782 [Worker-11: Building workspace] INFO  o.e.m.c.i.embedder.EclipseLogger - skip non existing resourceDirectory D:\Facultate\AnIII\2018\Sem2\PS\Laborator\ProiectDeSemestru\1\src\main\resources
2019-05-15 18:43:18,792 [Worker-11: Building workspace] INFO  o.e.m.c.i.embedder.EclipseLogger - Using 'UTF-8' encoding to copy filtered resources.
2019-05-15 18:43:18,792 [Worker-11: Building workspace] INFO  o.e.m.c.i.embedder.EclipseLogger - skip non existing resourceDirectory D:\Facultate\AnIII\2018\Sem2\PS\Laborator\ProiectDeSemestru\1\src\test\resources
2019-05-15 18:43:20,091 [Worker-13: Building workspace] INFO  o.e.m.c.i.embedder.EclipseLogger - Using 'UTF-8' encoding to copy filtered resources.
2019-05-15 18:43:20,091 [Worker-13: Building workspace] INFO  o.e.m.c.i.embedder.EclipseLogger - skip non existing resourceDirectory D:\Facultate\AnIII\2018\Sem2\PS\Laborator\ProiectDeSemestru\1\src\main\resources
2019-05-15 18:43:20,099 [Worker-13: Building workspace] INFO  o.e.m.c.i.embedder.EclipseLogger - Using 'UTF-8' encoding to copy filtered resources.
2019-05-15 18:43:20,099 [Worker-13: Building workspace] INFO  o.e.m.c.i.embedder.EclipseLogger - skip non existing resourceDirectory D:\Facultate\AnIII\2018\Sem2\PS\Laborator\ProiectDeSemestru\1\src\test\resources
2019-05-15 18:43:30,585 [Worker-3: Download sources and javadoc] INFO  o.e.m.j.internal.DownloadSourcesJob - Downloaded sources for org.springframework.data:spring-data-jpa:2.1.8.RELEASE
2019-05-15 18:43:30,807 [Worker-3: Download sources and javadoc] INFO  o.e.m.j.internal.DownloadSourcesJob - Downloaded sources for org.springframework.data:spring-data-commons:2.1.8.RELEASE
2019-05-15 18:43:30,942 [Worker-3: Download sources and javadoc] INFO  o.e.m.j.internal.DownloadSourcesJob - Downloaded sources for org.springframework:spring-aop:5.1.7.RELEASE
2019-05-15 18:43:31,002 [Worker-3: Download sources and javadoc] INFO  o.e.m.j.internal.DownloadSourcesJob - Downloaded sources for org.springframework:spring-tx:5.1.7.RELEASE
2019-05-15 18:43:31,027 [Worker-3: Download sources and javadoc] INFO  o.e.m.j.internal.DownloadSourcesJob - Downloaded sources for org.springframework:spring-beans:5.1.7.RELEASE
2019-05-15 18:43:31,050 [Worker-3: Download sources and javadoc] INFO  o.e.m.j.internal.DownloadSourcesJob - Downloaded sources for org.aspectj:aspectjrt:1.9.3
2019-05-15 18:43:31,067 [Worker-3: Download sources and javadoc] INFO  o.e.m.j.internal.DownloadSourcesJob - Downloaded sources for org.slf4j:slf4j-api:1.7.26
2019-05-15 18:43:31,082 [Worker-3: Download sources and javadoc] INFO  o.e.m.j.internal.DownloadSourcesJob - Downloaded sources for org.springframework:spring-orm:5.1.7.RELEASE
2019-05-15 18:43:31,103 [Worker-3: Download sources and javadoc] INFO  o.e.m.j.internal.DownloadSourcesJob - Downloaded sources for org.springframework:spring-jdbc:5.1.7.RELEASE
2019-05-15 18:43:31,123 [Worker-3: Download sources and javadoc] INFO  o.e.m.j.internal.DownloadSourcesJob - Downloaded sources for org.springframework:spring-context:5.1.7.RELEASE
2019-05-15 18:43:31,133 [Worker-3: Download sources and javadoc] INFO  o.e.m.j.internal.DownloadSourcesJob - Downloaded sources for org.springframework:spring-expression:5.1.7.RELEASE
2019-05-15 18:43:31,294 [Worker-3: Download sources and javadoc] INFO  o.e.m.j.internal.DownloadSourcesJob - Downloaded sources for org.springframework:spring-core:5.1.7.RELEASE
2019-05-15 18:43:31,307 [Worker-3: Download sources and javadoc] INFO  o.e.m.j.internal.DownloadSourcesJob - Downloaded sources for org.springframework:spring-jcl:5.1.7.RELEASE
2019-05-15 18:43:31,327 [Worker-3: Download sources and javadoc] INFO  o.e.m.j.internal.DownloadSourcesJob - Downloaded sources for javax.inject:javax.inject:1
2019-05-15 18:43:31,342 [Worker-3: Download sources and javadoc] INFO  o.e.m.j.internal.DownloadSourcesJob - Downloaded sources for junit:junit:3.8.1
2019-05-15 18:43:31,357 [Worker-3: Download sources and javadoc] INFO  o.e.m.j.internal.DownloadSourcesJob - Downloaded sources for javax.xml.bind:jaxb-api:2.3.0
2019-05-15 18:43:31,375 [Worker-3: Download sources and javadoc] INFO  o.e.m.j.internal.DownloadSourcesJob - Downloaded sources for javax.persistence:javax.persistence-api:2.2
2019-05-15 18:43:32,077 [Worker-13: Building workspace] INFO  o.e.m.c.i.embedder.EclipseLogger - Using 'UTF-8' encoding to copy filtered resources.
2019-05-15 18:43:32,077 [Worker-13: Building workspace] INFO  o.e.m.c.i.embedder.EclipseLogger - skip non existing resourceDirectory D:\Facultate\AnIII\2018\Sem2\PS\Laborator\ProiectDeSemestru\1\src\main\resources
2019-05-15 18:43:32,077 [Worker-13: Building workspace] INFO  o.e.m.c.i.embedder.EclipseLogger - Using 'UTF-8' encoding to copy filtered resources.
2019-05-15 18:43:32,077 [Worker-13: Building workspace] INFO  o.e.m.c.i.embedder.EclipseLogger - skip non existing resourceDirectory D:\Facultate\AnIII\2018\Sem2\PS\Laborator\ProiectDeSemestru\1\src\test\resources
2019-05-15 18:44:09,709 [Worker-12: Building workspace] INFO  o.e.m.c.i.embedder.EclipseLogger - Using 'UTF-8' encoding to copy filtered resources.
2019-05-15 18:44:09,709 [Worker-12: Building workspace] INFO  o.e.m.c.i.embedder.EclipseLogger - skip non existing resourceDirectory D:\Facultate\AnIII\2018\Sem2\PS\Laborator\ProiectDeSemestru\1\src\main\resources
2019-05-15 18:44:09,719 [Worker-12: Building workspace] INFO  o.e.m.c.i.embedder.EclipseLogger - Using 'UTF-8' encoding to copy filtered resources.
2019-05-15 18:44:09,719 [Worker-12: Building workspace] INFO  o.e.m.c.i.embedder.EclipseLogger - skip non existing resourceDirectory D:\Facultate\AnIII\2018\Sem2\PS\Laborator\ProiectDeSemestru\1\src\test\resources
2019-05-15 18:44:51,784 [Worker-2: Building workspace] INFO  o.e.m.c.i.embedder.EclipseLogger - Using 'UTF-8' encoding to copy filtered resources.
2019-05-15 18:44:51,784 [Worker-2: Building workspace] INFO  o.e.m.c.i.embedder.EclipseLogger - skip non existing resourceDirectory D:\Facultate\AnIII\2018\Sem2\PS\Laborator\ProiectDeSemestru\1\src\main\resources
2019-05-15 18:44:51,789 [Worker-2: Building workspace] INFO  o.e.m.c.i.embedder.EclipseLogger - Using 'UTF-8' encoding to copy filtered resources.
2019-05-15 18:44:51,789 [Worker-2: Building workspace] INFO  o.e.m.c.i.embedder.EclipseLogger - skip non existing resourceDirectory D:\Facultate\AnIII\2018\Sem2\PS\Laborator\ProiectDeSemestru\1\src\test\resources
2019-05-15 18:45:57,688 [Worker-14: Building workspace] INFO  o.e.m.c.i.embedder.EclipseLogger - Using 'UTF-8' encoding to copy filtered resources.
2019-05-15 18:45:57,688 [Worker-14: Building workspace] INFO  o.e.m.c.i.embedder.EclipseLogger - skip non existing resourceDirectory D:\Facultate\AnIII\2018\Sem2\PS\Laborator\ProiectDeSemestru\1\src\main\resources
2019-05-15 18:45:57,688 [Worker-14: Building workspace] INFO  o.e.m.c.i.embedder.EclipseLogger - Using 'UTF-8' encoding to copy filtered resources.
2019-05-15 18:45:57,688 [Worker-14: Building workspace] INFO  o.e.m.c.i.embedder.EclipseLogger - skip non existing resourceDirectory D:\Facultate\AnIII\2018\Sem2\PS\Laborator\ProiectDeSemestru\1\src\test\resources
2019-05-15 18:46:22,188 [Worker-9: Building workspace] INFO  o.e.m.c.i.embedder.EclipseLogger - Using 'UTF-8' encoding to copy filtered resources.
2019-05-15 18:46:22,188 [Worker-9: Building workspace] INFO  o.e.m.c.i.embedder.EclipseLogger - skip non existing resourceDirectory D:\Facultate\AnIII\2018\Sem2\PS\Laborator\ProiectDeSemestru\1\src\main\resources
2019-05-15 18:46:22,198 [Worker-9: Building workspace] INFO  o.e.m.c.i.embedder.EclipseLogger - Using 'UTF-8' encoding to copy filtered resources.
2019-05-15 18:46:22,198 [Worker-9: Building workspace] INFO  o.e.m.c.i.embedder.EclipseLogger - skip non existing resourceDirectory D:\Facultate\AnIII\2018\Sem2\PS\Laborator\ProiectDeSemestru\1\src\test\resources
2019-05-15 18:46:28,253 [Worker-5: Building workspace] INFO  o.e.m.c.i.embedder.EclipseLogger - Using 'UTF-8' encoding to copy filtered resources.
2019-05-15 18:46:28,253 [Worker-5: Building workspace] INFO  o.e.m.c.i.embedder.EclipseLogger - skip non existing resourceDirectory D:\Facultate\AnIII\2018\Sem2\PS\Laborator\ProiectDeSemestru\1\src\main\resources
2019-05-15 18:46:28,258 [Worker-5: Building workspace] INFO  o.e.m.c.i.embedder.EclipseLogger - Using 'UTF-8' encoding to copy filtered resources.
2019-05-15 18:46:28,258 [Worker-5: Building workspace] INFO  o.e.m.c.i.embedder.EclipseLogger - skip non existing resourceDirectory D:\Facultate\AnIII\2018\Sem2\PS\Laborator\ProiectDeSemestru\1\src\test\resources
2019-05-15 18:46:31,683 [Worker-9: Building workspace] INFO  o.e.m.c.i.embedder.EclipseLogger - Using 'UTF-8' encoding to copy filtered resources.
2019-05-15 18:46:31,683 [Worker-9: Building workspace] INFO  o.e.m.c.i.embedder.EclipseLogger - skip non existing resourceDirectory D:\Facultate\AnIII\2018\Sem2\PS\Laborator\ProiectDeSemestru\1\src\main\resources
2019-05-15 18:46:31,688 [Worker-9: Building workspace] INFO  o.e.m.c.i.embedder.EclipseLogger - Using 'UTF-8' encoding to copy filtered resources.
2019-05-15 18:46:31,688 [Worker-9: Building workspace] INFO  o.e.m.c.i.embedder.EclipseLogger - skip non existing resourceDirectory D:\Facultate\AnIII\2018\Sem2\PS\Laborator\ProiectDeSemestru\1\src\test\resources
2019-05-15 18:47:18,314 [Worker-2: Building workspace] INFO  o.e.m.c.i.embedder.EclipseLogger - Using 'UTF-8' encoding to copy filtered resources.
2019-05-15 18:47:18,316 [Worker-2: Building workspace] INFO  o.e.m.c.i.embedder.EclipseLogger - skip non existing resourceDirectory D:\Facultate\AnIII\2018\Sem2\PS\Laborator\ProiectDeSemestru\1\src\main\resources
2019-05-15 18:47:18,316 [Worker-2: Building workspace] INFO  o.e.m.c.i.embedder.EclipseLogger - Using 'UTF-8' encoding to copy filtered resources.
2019-05-15 18:47:18,316 [Worker-2: Building workspace] INFO  o.e.m.c.i.embedder.EclipseLogger - skip non existing resourceDirectory D:\Facultate\AnIII\2018\Sem2\PS\Laborator\ProiectDeSemestru\1\src\test\resources
2019-05-15 18:47:34,919 [Worker-5: Building workspace] INFO  o.e.m.c.i.embedder.EclipseLogger - Using 'UTF-8' encoding to copy filtered resources.
2019-05-15 18:47:34,919 [Worker-5: Building workspace] INFO  o.e.m.c.i.embedder.EclipseLogger - skip non existing resourceDirectory D:\Facultate\AnIII\2018\Sem2\PS\Laborator\ProiectDeSemestru\1\src\main\resources
2019-05-15 18:47:34,924 [Worker-5: Building workspace] INFO  o.e.m.c.i.embedder.EclipseLogger - Using 'UTF-8' encoding to copy filtered resources.
2019-05-15 18:47:34,924 [Worker-5: Building workspace] INFO  o.e.m.c.i.embedder.EclipseLogger - skip non existing resourceDirectory D:\Facultate\AnIII\2018\Sem2\PS\Laborator\ProiectDeSemestru\1\src\test\resources
2019-05-15 18:47:57,739 [Worker-8: Building workspace] INFO  o.e.m.c.i.embedder.EclipseLogger - Using 'UTF-8' encoding to copy filtered resources.
2019-05-15 18:47:57,739 [Worker-8: Building workspace] INFO  o.e.m.c.i.embedder.EclipseLogger - skip non existing resourceDirectory D:\Facultate\AnIII\2018\Sem2\PS\Laborator\ProiectDeSemestru\1\src\main\resources
2019-05-15 18:47:57,744 [Worker-8: Building workspace] INFO  o.e.m.c.i.embedder.EclipseLogger - Using 'UTF-8' encoding to copy filtered resources.
2019-05-15 18:47:57,744 [Worker-8: Building workspace] INFO  o.e.m.c.i.embedder.EclipseLogger - skip non existing resourceDirectory D:\Facultate\AnIII\2018\Sem2\PS\Laborator\ProiectDeSemestru\1\src\test\resources
2019-05-15 18:50:32,604 [Worker-6: Building workspace] INFO  o.e.m.c.i.embedder.EclipseLogger - Using 'UTF-8' encoding to copy filtered resources.
2019-05-15 18:50:32,604 [Worker-6: Building workspace] INFO  o.e.m.c.i.embedder.EclipseLogger - skip non existing resourceDirectory D:\Facultate\AnIII\2018\Sem2\PS\Laborator\ProiectDeSemestru\1\src\main\resources
2019-05-15 18:50:32,604 [Worker-6: Building workspace] INFO  o.e.m.c.i.embedder.EclipseLogger - Using 'UTF-8' encoding to copy filtered resources.
2019-05-15 18:50:32,604 [Worker-6: Building workspace] INFO  o.e.m.c.i.embedder.EclipseLogger - skip non existing resourceDirectory D:\Facultate\AnIII\2018\Sem2\PS\Laborator\ProiectDeSemestru\1\src\test\resources
2019-05-15 18:50:55,564 [Worker-2: Building workspace] INFO  o.e.m.c.i.embedder.EclipseLogger - Using 'UTF-8' encoding to copy filtered resources.
2019-05-15 18:50:55,564 [Worker-2: Building workspace] INFO  o.e.m.c.i.embedder.EclipseLogger - skip non existing resourceDirectory D:\Facultate\AnIII\2018\Sem2\PS\Laborator\ProiectDeSemestru\1\src\main\resources
2019-05-15 18:50:55,564 [Worker-2: Building workspace] INFO  o.e.m.c.i.embedder.EclipseLogger - Using 'UTF-8' encoding to copy filtered resources.
2019-05-15 18:50:55,564 [Worker-2: Building workspace] INFO  o.e.m.c.i.embedder.EclipseLogger - skip non existing resourceDirectory D:\Facultate\AnIII\2018\Sem2\PS\Laborator\ProiectDeSemestru\1\src\test\resources
2019-05-15 18:51:10,804 [Worker-14: Building workspace] INFO  o.e.m.c.i.embedder.EclipseLogger - Using 'UTF-8' encoding to copy filtered resources.
2019-05-15 18:51:10,804 [Worker-14: Building workspace] INFO  o.e.m.c.i.embedder.EclipseLogger - skip non existing resourceDirectory D:\Facultate\AnIII\2018\Sem2\PS\Laborator\ProiectDeSemestru\1\src\main\resources
2019-05-15 18:51:10,804 [Worker-14: Building workspace] INFO  o.e.m.c.i.embedder.EclipseLogger - Using 'UTF-8' encoding to copy filtered resources.
2019-05-15 18:51:10,804 [Worker-14: Building workspace] INFO  o.e.m.c.i.embedder.EclipseLogger - skip non existing resourceDirectory D:\Facultate\AnIII\2018\Sem2\PS\Laborator\ProiectDeSemestru\1\src\test\resources
2019-05-15 18:51:55,299 [Worker-0: Building workspace] INFO  o.e.m.c.i.embedder.EclipseLogger - Using 'UTF-8' encoding to copy filtered resources.
2019-05-15 18:51:55,299 [Worker-0: Building workspace] INFO  o.e.m.c.i.embedder.EclipseLogger - skip non existing resourceDirectory D:\Facultate\AnIII\2018\Sem2\PS\Laborator\ProiectDeSemestru\1\src\main\resources
2019-05-15 18:51:55,304 [Worker-0: Building workspace] INFO  o.e.m.c.i.embedder.EclipseLogger - Using 'UTF-8' encoding to copy filtered resources.
2019-05-15 18:51:55,304 [Worker-0: Building workspace] INFO  o.e.m.c.i.embedder.EclipseLogger - skip non existing resourceDirectory D:\Facultate\AnIII\2018\Sem2\PS\Laborator\ProiectDeSemestru\1\src\test\resources
2019-05-15 18:53:09,374 [Worker-1: Building workspace] INFO  o.e.m.c.i.embedder.EclipseLogger - Using 'UTF-8' encoding to copy filtered resources.
2019-05-15 18:53:09,374 [Worker-1: Building workspace] INFO  o.e.m.c.i.embedder.EclipseLogger - skip non existing resourceDirectory D:\Facultate\AnIII\2018\Sem2\PS\Laborator\ProiectDeSemestru\1\src\main\resources
2019-05-15 18:53:09,384 [Worker-1: Building workspace] INFO  o.e.m.c.i.embedder.EclipseLogger - Using 'UTF-8' encoding to copy filtered resources.
2019-05-15 18:53:09,384 [Worker-1: Building workspace] INFO  o.e.m.c.i.embedder.EclipseLogger - skip non existing resourceDirectory D:\Facultate\AnIII\2018\Sem2\PS\Laborator\ProiectDeSemestru\1\src\test\resources
2019-05-15 18:54:21,451 [Worker-14: Building workspace] INFO  o.e.m.c.i.l.LifecycleMappingFactory - Using org.eclipse.m2e.jdt.JarLifecycleMapping lifecycle mapping for MavenProject: 1:1:0.0.1-SNAPSHOT @ D:\Facultate\AnIII\2018\Sem2\PS\Laborator\ProiectDeSemestru\1\pom.xml.
2019-05-15 18:54:22,346 [Worker-14: Building workspace] INFO  o.e.m.c.i.e.AbstractTransferListenerAdapter - Downloaded https://repo.maven.apache.org/maven2/org/projectlombok/lombok/1.16.20.0/lombok-1.16.20.0.pom
2019-05-15 18:54:22,356 [Worker-14: Building workspace] WARN  o.e.m.c.i.embedder.EclipseLogger - The POM for org.projectlombok:lombok:jar:1.16.20.0 is missing, no dependency information available
2019-05-15 18:54:22,736 [Worker-14: Building workspace] INFO  o.e.m.c.i.e.AbstractTransferListenerAdapter - Downloaded https://repo.maven.apache.org/maven2/org/projectlombok/lombok/1.16.20.0/lombok-1.16.20.0.jar
2019-05-15 18:54:23,147 [Worker-14: Building workspace] INFO  o.e.m.c.i.embedder.EclipseLogger - Using 'UTF-8' encoding to copy filtered resources.
2019-05-15 18:54:23,147 [Worker-14: Building workspace] INFO  o.e.m.c.i.embedder.EclipseLogger - skip non existing resourceDirectory D:\Facultate\AnIII\2018\Sem2\PS\Laborator\ProiectDeSemestru\1\src\main\resources
2019-05-15 18:54:23,152 [Worker-14: Building workspace] INFO  o.e.m.c.i.embedder.EclipseLogger - Using 'UTF-8' encoding to copy filtered resources.
2019-05-15 18:54:23,152 [Worker-14: Building workspace] INFO  o.e.m.c.i.embedder.EclipseLogger - skip non existing resourceDirectory D:\Facultate\AnIII\2018\Sem2\PS\Laborator\ProiectDeSemestru\1\src\test\resources
2019-05-15 18:54:23,794 [Worker-14: Download sources and javadoc] WARN  o.e.m.c.i.embedder.EclipseLogger - The POM for org.projectlombok:lombok:jar:1.16.20.0 is missing, no dependency information available
2019-05-15 18:54:24,356 [Worker-14: Download sources and javadoc] INFO  o.e.m.c.i.e.AbstractTransferListenerAdapter - Downloaded https://repo.maven.apache.org/maven2/org/projectlombok/lombok/1.16.20.0/lombok-1.16.20.0-sources.jar
2019-05-15 18:54:24,377 [Worker-14: Download sources and javadoc] ERROR o.e.m.j.internal.DownloadSourcesJob - Could not download sources for org.projectlombok:lombok:1.16.20.0
org.eclipse.core.runtime.CoreException: Could not resolve artifact org.projectlombok:lombok:jar:sources:1.16.20.0
	at org.eclipse.m2e.core.internal.embedder.MavenImpl$5.call(MavenImpl.java:776) ~[na:na]
	at org.eclipse.m2e.core.internal.embedder.MavenImpl$5.call(MavenImpl.java:1) ~[na:na]
	at org.eclipse.m2e.core.internal.embedder.MavenExecutionContext.executeBare(MavenExecutionContext.java:177) ~[na:na]
	at org.eclipse.m2e.core.internal.embedder.MavenExecutionContext.execute(MavenExecutionContext.java:112) ~[na:na]
	at org.eclipse.m2e.core.internal.embedder.MavenExecutionContext.execute(MavenExecutionContext.java:99) ~[na:na]
	at org.eclipse.m2e.core.internal.embedder.MavenImpl.resolve(MavenImpl.java:743) ~[na:na]
	at org.eclipse.m2e.core.internal.embedder.MavenImpl.resolve(MavenImpl.java:720) ~[na:na]
	at org.eclipse.m2e.jdt.internal.DownloadSourcesJob.download(DownloadSourcesJob.java:279) ~[na:na]
	at org.eclipse.m2e.jdt.internal.DownloadSourcesJob.downloadAttachments(DownloadSourcesJob.java:254) ~[na:na]
	at org.eclipse.m2e.jdt.internal.DownloadSourcesJob.downloadMaven(DownloadSourcesJob.java:221) ~[na:na]
	at org.eclipse.m2e.jdt.internal.DownloadSourcesJob.run(DownloadSourcesJob.java:161) ~[na:na]
	at org.eclipse.m2e.jdt.internal.DownloadSourcesJob$1.call(DownloadSourcesJob.java:137) ~[na:na]
	at org.eclipse.m2e.jdt.internal.DownloadSourcesJob$1.call(DownloadSourcesJob.java:1) ~[na:na]
	at org.eclipse.m2e.core.internal.embedder.MavenExecutionContext.executeBare(MavenExecutionContext.java:177) ~[na:na]
	at org.eclipse.m2e.core.internal.embedder.MavenExecutionContext.execute(MavenExecutionContext.java:151) ~[na:na]
	at org.eclipse.m2e.core.internal.embedder.MavenExecutionContext.execute(MavenExecutionContext.java:99) ~[na:na]
	at org.eclipse.m2e.core.internal.embedder.MavenImpl.execute(MavenImpl.java:1355) ~[na:na]
	at org.eclipse.m2e.jdt.internal.DownloadSourcesJob.run(DownloadSourcesJob.java:135) ~[na:na]
	at org.eclipse.core.internal.jobs.Worker.run(Worker.java:63) ~[org.eclipse.core.jobs_3.10.100.v20180817-1215.jar:na]
2019-05-15 18:54:30,637 [Worker-8: Updating Maven Project] INFO  o.e.m.c.i.p.ProjectConfigurationManager - Update started
2019-05-15 18:54:31,506 [Worker-8: Updating Maven Project] INFO  o.e.m.c.i.l.LifecycleMappingFactory - Using org.eclipse.m2e.jdt.JarLifecycleMapping lifecycle mapping for MavenProject: 1:1:0.0.1-SNAPSHOT @ D:\Facultate\AnIII\2018\Sem2\PS\Laborator\ProiectDeSemestru\1\pom.xml.
2019-05-15 18:54:31,507 [Worker-8: Updating Maven Project] WARN  o.e.m.c.i.embedder.EclipseLogger - The POM for org.projectlombok:lombok:jar:1.16.20.0 is missing, no dependency information available
2019-05-15 18:54:31,946 [Worker-8: Updating Maven Project] INFO  o.e.m.j.i.AbstractJavaProjectConfigurator - Adding source folder /1/src/main/java
2019-05-15 18:54:31,946 [Worker-8: Updating Maven Project] INFO  o.e.m.j.i.AbstractJavaProjectConfigurator - Adding source folder /1/src/test/java
2019-05-15 18:54:32,337 [Worker-8: Updating Maven Project] INFO  o.e.m.c.i.p.ProjectConfigurationManager - Update completed: 1 sec
2019-05-15 18:54:32,496 [Worker-6: Building workspace] WARN  o.e.m.c.i.embedder.EclipseLogger - The POM for org.projectlombok:lombok:jar:1.16.20.0 is missing, no dependency information available
2019-05-15 18:54:33,043 [Worker-6: Building workspace] INFO  o.e.m.c.i.embedder.EclipseLogger - Using 'UTF-8' encoding to copy filtered resources.
2019-05-15 18:54:33,043 [Worker-6: Building workspace] INFO  o.e.m.c.i.embedder.EclipseLogger - skip non existing resourceDirectory D:\Facultate\AnIII\2018\Sem2\PS\Laborator\ProiectDeSemestru\1\src\main\resources
2019-05-15 18:54:33,046 [Worker-6: Building workspace] INFO  o.e.m.c.i.embedder.EclipseLogger - Using 'UTF-8' encoding to copy filtered resources.
2019-05-15 18:54:33,046 [Worker-6: Building workspace] INFO  o.e.m.c.i.embedder.EclipseLogger - skip non existing resourceDirectory D:\Facultate\AnIII\2018\Sem2\PS\Laborator\ProiectDeSemestru\1\src\test\resources
2019-05-15 18:54:33,512 [Worker-14: Download sources and javadoc] INFO  o.e.m.c.i.e.AbstractTransferListenerAdapter - Downloaded https://repo.maven.apache.org/maven2/org/projectlombok/lombok/1.16.20.0/lombok-1.16.20.0-javadoc.jar
2019-05-15 18:54:33,532 [Worker-14: Download sources and javadoc] ERROR o.e.m.j.internal.DownloadSourcesJob - Could not download javadoc for org.projectlombok:lombok:1.16.20.0
org.eclipse.core.runtime.CoreException: Could not resolve artifact org.projectlombok:lombok:jar:javadoc:1.16.20.0
	at org.eclipse.m2e.core.internal.embedder.MavenImpl$5.call(MavenImpl.java:776) ~[na:na]
	at org.eclipse.m2e.core.internal.embedder.MavenImpl$5.call(MavenImpl.java:1) ~[na:na]
	at org.eclipse.m2e.core.internal.embedder.MavenExecutionContext.executeBare(MavenExecutionContext.java:177) ~[na:na]
	at org.eclipse.m2e.core.internal.embedder.MavenExecutionContext.execute(MavenExecutionContext.java:112) ~[na:na]
	at org.eclipse.m2e.core.internal.embedder.MavenExecutionContext.execute(MavenExecutionContext.java:99) ~[na:na]
	at org.eclipse.m2e.core.internal.embedder.MavenImpl.resolve(MavenImpl.java:743) ~[na:na]
	at org.eclipse.m2e.core.internal.embedder.MavenImpl.resolve(MavenImpl.java:720) ~[na:na]
	at org.eclipse.m2e.jdt.internal.DownloadSourcesJob.download(DownloadSourcesJob.java:279) ~[na:na]
	at org.eclipse.m2e.jdt.internal.DownloadSourcesJob.downloadAttachments(DownloadSourcesJob.java:265) ~[na:na]
	at org.eclipse.m2e.jdt.internal.DownloadSourcesJob.downloadMaven(DownloadSourcesJob.java:221) ~[na:na]
	at org.eclipse.m2e.jdt.internal.DownloadSourcesJob.run(DownloadSourcesJob.java:161) ~[na:na]
	at org.eclipse.m2e.jdt.internal.DownloadSourcesJob$1.call(DownloadSourcesJob.java:137) ~[na:na]
	at org.eclipse.m2e.jdt.internal.DownloadSourcesJob$1.call(DownloadSourcesJob.java:1) ~[na:na]
	at org.eclipse.m2e.core.internal.embedder.MavenExecutionContext.executeBare(MavenExecutionContext.java:177) ~[na:na]
	at org.eclipse.m2e.core.internal.embedder.MavenExecutionContext.execute(MavenExecutionContext.java:151) ~[na:na]
	at org.eclipse.m2e.core.internal.embedder.MavenExecutionContext.execute(MavenExecutionContext.java:99) ~[na:na]
	at org.eclipse.m2e.core.internal.embedder.MavenImpl.execute(MavenImpl.java:1355) ~[na:na]
	at org.eclipse.m2e.jdt.internal.DownloadSourcesJob.run(DownloadSourcesJob.java:135) ~[na:na]
	at org.eclipse.core.internal.jobs.Worker.run(Worker.java:63) ~[org.eclipse.core.jobs_3.10.100.v20180817-1215.jar:na]
2019-05-15 18:55:57,427 [Worker-11: Building workspace] INFO  o.e.m.c.i.l.LifecycleMappingFactory - Using org.eclipse.m2e.jdt.JarLifecycleMapping lifecycle mapping for MavenProject: 1:1:0.0.1-SNAPSHOT @ D:\Facultate\AnIII\2018\Sem2\PS\Laborator\ProiectDeSemestru\1\pom.xml.
2019-05-15 18:55:57,926 [Worker-11: Building workspace] INFO  o.e.m.c.i.e.AbstractTransferListenerAdapter - Downloading https://repo.maven.apache.org/maven2/org/projectlombok/lombok/1.18.8/lombok-1.18.8.pom
2019-05-15 18:55:58,102 [Worker-11: Building workspace] INFO  o.e.m.c.i.e.AbstractTransferListenerAdapter - Downloaded https://repo.maven.apache.org/maven2/org/projectlombok/lombok/1.18.8/lombok-1.18.8.pom
2019-05-15 18:55:58,344 [Worker-11: Building workspace] INFO  o.e.m.c.i.e.AbstractTransferListenerAdapter - Downloading https://repo.maven.apache.org/maven2/org/projectlombok/lombok/1.18.8/lombok-1.18.8.jar
2019-05-15 18:56:00,166 [Worker-11: Building workspace] INFO  o.e.m.c.i.e.AbstractTransferListenerAdapter - Downloaded https://repo.maven.apache.org/maven2/org/projectlombok/lombok/1.18.8/lombok-1.18.8.jar
2019-05-15 18:56:00,716 [Worker-11: Building workspace] INFO  o.e.m.c.i.embedder.EclipseLogger - Using 'UTF-8' encoding to copy filtered resources.
2019-05-15 18:56:00,721 [Worker-11: Building workspace] INFO  o.e.m.c.i.embedder.EclipseLogger - skip non existing resourceDirectory D:\Facultate\AnIII\2018\Sem2\PS\Laborator\ProiectDeSemestru\1\src\main\resources
2019-05-15 18:56:00,721 [Worker-11: Building workspace] INFO  o.e.m.c.i.embedder.EclipseLogger - Using 'UTF-8' encoding to copy filtered resources.
2019-05-15 18:56:00,726 [Worker-11: Building workspace] INFO  o.e.m.c.i.embedder.EclipseLogger - skip non existing resourceDirectory D:\Facultate\AnIII\2018\Sem2\PS\Laborator\ProiectDeSemestru\1\src\test\resources
2019-05-15 18:56:02,037 [Worker-11: Download sources and javadoc] INFO  o.e.m.c.i.e.AbstractTransferListenerAdapter - Downloading https://repo.maven.apache.org/maven2/org/projectlombok/lombok/1.18.8/lombok-1.18.8-sources.jar
2019-05-15 18:56:02,116 [Worker-8: Building workspace] INFO  o.e.m.c.i.embedder.EclipseLogger - Using 'UTF-8' encoding to copy filtered resources.
2019-05-15 18:56:02,116 [Worker-8: Building workspace] INFO  o.e.m.c.i.embedder.EclipseLogger - skip non existing resourceDirectory D:\Facultate\AnIII\2018\Sem2\PS\Laborator\ProiectDeSemestru\1\src\main\resources
2019-05-15 18:56:02,121 [Worker-8: Building workspace] INFO  o.e.m.c.i.embedder.EclipseLogger - Using 'UTF-8' encoding to copy filtered resources.
2019-05-15 18:56:02,121 [Worker-8: Building workspace] INFO  o.e.m.c.i.embedder.EclipseLogger - skip non existing resourceDirectory D:\Facultate\AnIII\2018\Sem2\PS\Laborator\ProiectDeSemestru\1\src\test\resources
2019-05-15 18:56:03,827 [Worker-11: Download sources and javadoc] INFO  o.e.m.c.i.e.AbstractTransferListenerAdapter - Downloaded https://repo.maven.apache.org/maven2/org/projectlombok/lombok/1.18.8/lombok-1.18.8-sources.jar
2019-05-15 18:56:03,932 [Worker-11: Download sources and javadoc] INFO  o.e.m.j.internal.DownloadSourcesJob - Downloaded sources for org.projectlombok:lombok:1.18.8
2019-05-15 18:56:04,224 [Worker-6: Building workspace] INFO  o.e.m.c.i.embedder.EclipseLogger - Using 'UTF-8' encoding to copy filtered resources.
2019-05-15 18:56:04,224 [Worker-6: Building workspace] INFO  o.e.m.c.i.embedder.EclipseLogger - skip non existing resourceDirectory D:\Facultate\AnIII\2018\Sem2\PS\Laborator\ProiectDeSemestru\1\src\main\resources
2019-05-15 18:56:04,227 [Worker-6: Building workspace] INFO  o.e.m.c.i.embedder.EclipseLogger - Using 'UTF-8' encoding to copy filtered resources.
2019-05-15 18:56:04,227 [Worker-6: Building workspace] INFO  o.e.m.c.i.embedder.EclipseLogger - skip non existing resourceDirectory D:\Facultate\AnIII\2018\Sem2\PS\Laborator\ProiectDeSemestru\1\src\test\resources
2019-05-15 18:56:13,697 [Worker-15: Building workspace] INFO  o.e.m.c.i.embedder.EclipseLogger - Using 'UTF-8' encoding to copy filtered resources.
2019-05-15 18:56:13,697 [Worker-15: Building workspace] INFO  o.e.m.c.i.embedder.EclipseLogger - skip non existing resourceDirectory D:\Facultate\AnIII\2018\Sem2\PS\Laborator\ProiectDeSemestru\1\src\main\resources
2019-05-15 18:56:13,702 [Worker-15: Building workspace] INFO  o.e.m.c.i.embedder.EclipseLogger - Using 'UTF-8' encoding to copy filtered resources.
2019-05-15 18:56:13,702 [Worker-15: Building workspace] INFO  o.e.m.c.i.embedder.EclipseLogger - skip non existing resourceDirectory D:\Facultate\AnIII\2018\Sem2\PS\Laborator\ProiectDeSemestru\1\src\test\resources
2019-05-15 18:56:29,007 [Worker-15: Building workspace] INFO  o.e.m.c.i.embedder.EclipseLogger - Using 'UTF-8' encoding to copy filtered resources.
2019-05-15 18:56:29,007 [Worker-15: Building workspace] INFO  o.e.m.c.i.embedder.EclipseLogger - skip non existing resourceDirectory D:\Facultate\AnIII\2018\Sem2\PS\Laborator\ProiectDeSemestru\1\src\main\resources
2019-05-15 18:56:29,007 [Worker-15: Building workspace] INFO  o.e.m.c.i.embedder.EclipseLogger - Using 'UTF-8' encoding to copy filtered resources.
2019-05-15 18:56:29,007 [Worker-15: Building workspace] INFO  o.e.m.c.i.embedder.EclipseLogger - skip non existing resourceDirectory D:\Facultate\AnIII\2018\Sem2\PS\Laborator\ProiectDeSemestru\1\src\test\resources
2019-05-15 18:56:43,052 [Worker-16: Building workspace] INFO  o.e.m.c.i.embedder.EclipseLogger - Using 'UTF-8' encoding to copy filtered resources.
2019-05-15 18:56:43,052 [Worker-16: Building workspace] INFO  o.e.m.c.i.embedder.EclipseLogger - skip non existing resourceDirectory D:\Facultate\AnIII\2018\Sem2\PS\Laborator\ProiectDeSemestru\1\src\main\resources
2019-05-15 18:56:43,052 [Worker-16: Building workspace] INFO  o.e.m.c.i.embedder.EclipseLogger - Using 'UTF-8' encoding to copy filtered resources.
2019-05-15 18:56:43,052 [Worker-16: Building workspace] INFO  o.e.m.c.i.embedder.EclipseLogger - skip non existing resourceDirectory D:\Facultate\AnIII\2018\Sem2\PS\Laborator\ProiectDeSemestru\1\src\test\resources
2019-05-15 18:57:57,897 [Worker-14: Building workspace] INFO  o.e.m.c.i.embedder.EclipseLogger - Using 'UTF-8' encoding to copy filtered resources.
2019-05-15 18:57:57,897 [Worker-14: Building workspace] INFO  o.e.m.c.i.embedder.EclipseLogger - skip non existing resourceDirectory D:\Facultate\AnIII\2018\Sem2\PS\Laborator\ProiectDeSemestru\1\src\main\resources
2019-05-15 18:57:57,897 [Worker-14: Building workspace] INFO  o.e.m.c.i.embedder.EclipseLogger - Using 'UTF-8' encoding to copy filtered resources.
2019-05-15 18:57:57,897 [Worker-14: Building workspace] INFO  o.e.m.c.i.embedder.EclipseLogger - skip non existing resourceDirectory D:\Facultate\AnIII\2018\Sem2\PS\Laborator\ProiectDeSemestru\1\src\test\resources
2019-05-15 18:58:04,392 [Worker-1: Building workspace] INFO  o.e.m.c.i.embedder.EclipseLogger - Using 'UTF-8' encoding to copy filtered resources.
2019-05-15 18:58:04,392 [Worker-1: Building workspace] INFO  o.e.m.c.i.embedder.EclipseLogger - skip non existing resourceDirectory D:\Facultate\AnIII\2018\Sem2\PS\Laborator\ProiectDeSemestru\1\src\main\resources
2019-05-15 18:58:04,396 [Worker-1: Building workspace] INFO  o.e.m.c.i.embedder.EclipseLogger - Using 'UTF-8' encoding to copy filtered resources.
2019-05-15 18:58:04,396 [Worker-1: Building workspace] INFO  o.e.m.c.i.embedder.EclipseLogger - skip non existing resourceDirectory D:\Facultate\AnIII\2018\Sem2\PS\Laborator\ProiectDeSemestru\1\src\test\resources
2019-05-15 18:59:05,342 [Worker-16: Updating Maven Project] INFO  o.e.m.c.i.p.ProjectConfigurationManager - Update started
2019-05-15 18:59:06,321 [Worker-16: Updating Maven Project] INFO  o.e.m.c.i.l.LifecycleMappingFactory - Using org.eclipse.m2e.jdt.JarLifecycleMapping lifecycle mapping for MavenProject: 1:1:0.0.1-SNAPSHOT @ D:\Facultate\AnIII\2018\Sem2\PS\Laborator\ProiectDeSemestru\1\pom.xml.
2019-05-15 18:59:07,122 [Worker-16: Updating Maven Project] INFO  o.e.m.j.i.AbstractJavaProjectConfigurator - Adding source folder /1/src/main/java
2019-05-15 18:59:07,123 [Worker-16: Updating Maven Project] INFO  o.e.m.j.i.AbstractJavaProjectConfigurator - Adding source folder /1/src/test/java
2019-05-15 18:59:07,530 [Worker-16: Updating Maven Project] INFO  o.e.m.c.i.p.ProjectConfigurationManager - Update completed: 2 sec
2019-05-15 18:59:09,320 [Worker-17: Building workspace] INFO  o.e.m.c.i.embedder.EclipseLogger - Using 'UTF-8' encoding to copy filtered resources.
2019-05-15 18:59:09,320 [Worker-17: Building workspace] INFO  o.e.m.c.i.embedder.EclipseLogger - skip non existing resourceDirectory D:\Facultate\AnIII\2018\Sem2\PS\Laborator\ProiectDeSemestru\1\src\main\resources
2019-05-15 18:59:09,320 [Worker-17: Building workspace] INFO  o.e.m.c.i.embedder.EclipseLogger - Using 'UTF-8' encoding to copy filtered resources.
2019-05-15 18:59:09,320 [Worker-17: Building workspace] INFO  o.e.m.c.i.embedder.EclipseLogger - skip non existing resourceDirectory D:\Facultate\AnIII\2018\Sem2\PS\Laborator\ProiectDeSemestru\1\src\test\resources
2019-05-15 18:59:46,557 [Worker-11: Building workspace] INFO  o.e.m.c.i.embedder.EclipseLogger - Using 'UTF-8' encoding to copy filtered resources.
2019-05-15 18:59:46,557 [Worker-11: Building workspace] INFO  o.e.m.c.i.embedder.EclipseLogger - skip non existing resourceDirectory D:\Facultate\AnIII\2018\Sem2\PS\Laborator\ProiectDeSemestru\1\src\main\resources
2019-05-15 18:59:46,557 [Worker-11: Building workspace] INFO  o.e.m.c.i.embedder.EclipseLogger - Using 'UTF-8' encoding to copy filtered resources.
2019-05-15 18:59:46,562 [Worker-11: Building workspace] INFO  o.e.m.c.i.embedder.EclipseLogger - skip non existing resourceDirectory D:\Facultate\AnIII\2018\Sem2\PS\Laborator\ProiectDeSemestru\1\src\test\resources
2019-05-15 19:00:26,747 [Worker-8: Building workspace] INFO  o.e.m.c.i.embedder.EclipseLogger - Using 'UTF-8' encoding to copy filtered resources.
2019-05-15 19:00:26,747 [Worker-8: Building workspace] INFO  o.e.m.c.i.embedder.EclipseLogger - skip non existing resourceDirectory D:\Facultate\AnIII\2018\Sem2\PS\Laborator\ProiectDeSemestru\1\src\main\resources
2019-05-15 19:00:26,747 [Worker-8: Building workspace] INFO  o.e.m.c.i.embedder.EclipseLogger - Using 'UTF-8' encoding to copy filtered resources.
2019-05-15 19:00:26,747 [Worker-8: Building workspace] INFO  o.e.m.c.i.embedder.EclipseLogger - skip non existing resourceDirectory D:\Facultate\AnIII\2018\Sem2\PS\Laborator\ProiectDeSemestru\1\src\test\resources
2019-05-15 19:00:50,202 [Worker-11: Building workspace] INFO  o.e.m.c.i.embedder.EclipseLogger - Using 'UTF-8' encoding to copy filtered resources.
2019-05-15 19:00:50,202 [Worker-11: Building workspace] INFO  o.e.m.c.i.embedder.EclipseLogger - skip non existing resourceDirectory D:\Facultate\AnIII\2018\Sem2\PS\Laborator\ProiectDeSemestru\1\src\main\resources
2019-05-15 19:00:50,202 [Worker-11: Building workspace] INFO  o.e.m.c.i.embedder.EclipseLogger - Using 'UTF-8' encoding to copy filtered resources.
2019-05-15 19:00:50,202 [Worker-11: Building workspace] INFO  o.e.m.c.i.embedder.EclipseLogger - skip non existing resourceDirectory D:\Facultate\AnIII\2018\Sem2\PS\Laborator\ProiectDeSemestru\1\src\test\resources
2019-05-15 19:01:44,909 [Worker-15: Building workspace] INFO  o.e.m.c.i.embedder.EclipseLogger - Using 'UTF-8' encoding to copy filtered resources.
2019-05-15 19:01:44,909 [Worker-15: Building workspace] INFO  o.e.m.c.i.embedder.EclipseLogger - skip non existing resourceDirectory D:\Facultate\AnIII\2018\Sem2\PS\Laborator\ProiectDeSemestru\1\src\main\resources
2019-05-15 19:01:44,909 [Worker-15: Building workspace] INFO  o.e.m.c.i.embedder.EclipseLogger - Using 'UTF-8' encoding to copy filtered resources.
2019-05-15 19:01:44,909 [Worker-15: Building workspace] INFO  o.e.m.c.i.embedder.EclipseLogger - skip non existing resourceDirectory D:\Facultate\AnIII\2018\Sem2\PS\Laborator\ProiectDeSemestru\1\src\test\resources
2019-05-15 19:02:16,429 [Worker-8: Building workspace] INFO  o.e.m.c.i.embedder.EclipseLogger - Using 'UTF-8' encoding to copy filtered resources.
2019-05-15 19:02:16,429 [Worker-8: Building workspace] INFO  o.e.m.c.i.embedder.EclipseLogger - skip non existing resourceDirectory D:\Facultate\AnIII\2018\Sem2\PS\Laborator\ProiectDeSemestru\1\src\main\resources
2019-05-15 19:02:16,434 [Worker-8: Building workspace] INFO  o.e.m.c.i.embedder.EclipseLogger - Using 'UTF-8' encoding to copy filtered resources.
2019-05-15 19:02:16,434 [Worker-8: Building workspace] INFO  o.e.m.c.i.embedder.EclipseLogger - skip non existing resourceDirectory D:\Facultate\AnIII\2018\Sem2\PS\Laborator\ProiectDeSemestru\1\src\test\resources
2019-05-15 19:03:03,724 [Worker-18: Building workspace] INFO  o.e.m.c.i.embedder.EclipseLogger - Using 'UTF-8' encoding to copy filtered resources.
2019-05-15 19:03:03,724 [Worker-18: Building workspace] INFO  o.e.m.c.i.embedder.EclipseLogger - skip non existing resourceDirectory D:\Facultate\AnIII\2018\Sem2\PS\Laborator\ProiectDeSemestru\1\src\main\resources
2019-05-15 19:03:03,729 [Worker-18: Building workspace] INFO  o.e.m.c.i.embedder.EclipseLogger - Using 'UTF-8' encoding to copy filtered resources.
2019-05-15 19:03:03,729 [Worker-18: Building workspace] INFO  o.e.m.c.i.embedder.EclipseLogger - skip non existing resourceDirectory D:\Facultate\AnIII\2018\Sem2\PS\Laborator\ProiectDeSemestru\1\src\test\resources
2019-05-15 19:03:35,859 [Worker-6: Building workspace] INFO  o.e.m.c.i.embedder.EclipseLogger - Using 'UTF-8' encoding to copy filtered resources.
2019-05-15 19:03:35,859 [Worker-6: Building workspace] INFO  o.e.m.c.i.embedder.EclipseLogger - skip non existing resourceDirectory D:\Facultate\AnIII\2018\Sem2\PS\Laborator\ProiectDeSemestru\1\src\main\resources
2019-05-15 19:03:35,859 [Worker-6: Building workspace] INFO  o.e.m.c.i.embedder.EclipseLogger - Using 'UTF-8' encoding to copy filtered resources.
2019-05-15 19:03:35,859 [Worker-6: Building workspace] INFO  o.e.m.c.i.embedder.EclipseLogger - skip non existing resourceDirectory D:\Facultate\AnIII\2018\Sem2\PS\Laborator\ProiectDeSemestru\1\src\test\resources
2019-05-15 19:03:46,654 [Worker-14: Building workspace] INFO  o.e.m.c.i.embedder.EclipseLogger - Using 'UTF-8' encoding to copy filtered resources.
2019-05-15 19:03:46,654 [Worker-14: Building workspace] INFO  o.e.m.c.i.embedder.EclipseLogger - skip non existing resourceDirectory D:\Facultate\AnIII\2018\Sem2\PS\Laborator\ProiectDeSemestru\1\src\main\resources
2019-05-15 19:03:46,659 [Worker-14: Building workspace] INFO  o.e.m.c.i.embedder.EclipseLogger - Using 'UTF-8' encoding to copy filtered resources.
2019-05-15 19:03:46,659 [Worker-14: Building workspace] INFO  o.e.m.c.i.embedder.EclipseLogger - skip non existing resourceDirectory D:\Facultate\AnIII\2018\Sem2\PS\Laborator\ProiectDeSemestru\1\src\test\resources
2019-05-15 19:04:35,279 [Worker-11: Building workspace] INFO  o.e.m.c.i.embedder.EclipseLogger - Using 'UTF-8' encoding to copy filtered resources.
2019-05-15 19:04:35,279 [Worker-11: Building workspace] INFO  o.e.m.c.i.embedder.EclipseLogger - skip non existing resourceDirectory D:\Facultate\AnIII\2018\Sem2\PS\Laborator\ProiectDeSemestru\1\src\main\resources
2019-05-15 19:04:35,289 [Worker-11: Building workspace] INFO  o.e.m.c.i.embedder.EclipseLogger - Using 'UTF-8' encoding to copy filtered resources.
2019-05-15 19:04:35,289 [Worker-11: Building workspace] INFO  o.e.m.c.i.embedder.EclipseLogger - skip non existing resourceDirectory D:\Facultate\AnIII\2018\Sem2\PS\Laborator\ProiectDeSemestru\1\src\test\resources
2019-05-15 19:04:47,463 [Worker-17: Building workspace] INFO  o.e.m.c.i.embedder.EclipseLogger - Using 'UTF-8' encoding to copy filtered resources.
2019-05-15 19:04:47,463 [Worker-17: Building workspace] INFO  o.e.m.c.i.embedder.EclipseLogger - skip non existing resourceDirectory D:\Facultate\AnIII\2018\Sem2\PS\Laborator\ProiectDeSemestru\1\src\main\resources
2019-05-15 19:04:47,463 [Worker-17: Building workspace] INFO  o.e.m.c.i.embedder.EclipseLogger - Using 'UTF-8' encoding to copy filtered resources.
2019-05-15 19:04:47,463 [Worker-17: Building workspace] INFO  o.e.m.c.i.embedder.EclipseLogger - skip non existing resourceDirectory D:\Facultate\AnIII\2018\Sem2\PS\Laborator\ProiectDeSemestru\1\src\test\resources
2019-05-15 19:06:21,483 [Worker-6: Building workspace] INFO  o.e.m.c.i.embedder.EclipseLogger - Using 'UTF-8' encoding to copy filtered resources.
2019-05-15 19:06:21,483 [Worker-6: Building workspace] INFO  o.e.m.c.i.embedder.EclipseLogger - skip non existing resourceDirectory D:\Facultate\AnIII\2018\Sem2\PS\Laborator\ProiectDeSemestru\1\src\main\resources
2019-05-15 19:06:21,483 [Worker-6: Building workspace] INFO  o.e.m.c.i.embedder.EclipseLogger - Using 'UTF-8' encoding to copy filtered resources.
2019-05-15 19:06:21,483 [Worker-6: Building workspace] INFO  o.e.m.c.i.embedder.EclipseLogger - skip non existing resourceDirectory D:\Facultate\AnIII\2018\Sem2\PS\Laborator\ProiectDeSemestru\1\src\test\resources
2019-05-15 19:07:51,163 [Worker-16: Building workspace] INFO  o.e.m.c.i.embedder.EclipseLogger - Using 'UTF-8' encoding to copy filtered resources.
2019-05-15 19:07:51,163 [Worker-16: Building workspace] INFO  o.e.m.c.i.embedder.EclipseLogger - skip non existing resourceDirectory D:\Facultate\AnIII\2018\Sem2\PS\Laborator\ProiectDeSemestru\1\src\main\resources
2019-05-15 19:07:51,163 [Worker-16: Building workspace] INFO  o.e.m.c.i.embedder.EclipseLogger - Using 'UTF-8' encoding to copy filtered resources.
2019-05-15 19:07:51,163 [Worker-16: Building workspace] INFO  o.e.m.c.i.embedder.EclipseLogger - skip non existing resourceDirectory D:\Facultate\AnIII\2018\Sem2\PS\Laborator\ProiectDeSemestru\1\src\test\resources
2019-05-15 22:34:40,739 [Worker-4: Loading available Gradle versions] INFO  c.g.t.t.d.PublishedGradleVersions - Gradle version information cache is up-to-date. Trying to read.
2019-05-15 22:35:08,960 [Worker-10: Download sources and javadoc] INFO  o.e.m.j.internal.DownloadSourcesJob - Downloaded sources for org.projectlombok:lombok:1.18.8
2019-05-15 22:35:08,987 [Worker-10: Download sources and javadoc] INFO  o.e.m.j.internal.DownloadSourcesJob - Downloaded sources for org.springframework.data:spring-data-jpa:2.1.8.RELEASE
2019-05-15 22:35:09,003 [Worker-10: Download sources and javadoc] INFO  o.e.m.j.internal.DownloadSourcesJob - Downloaded sources for org.springframework.data:spring-data-commons:2.1.8.RELEASE
2019-05-15 22:35:09,027 [Worker-10: Download sources and javadoc] INFO  o.e.m.j.internal.DownloadSourcesJob - Downloaded sources for org.springframework:spring-aop:5.1.7.RELEASE
2019-05-15 22:35:09,046 [Worker-10: Download sources and javadoc] INFO  o.e.m.j.internal.DownloadSourcesJob - Downloaded sources for org.springframework:spring-tx:5.1.7.RELEASE
2019-05-15 22:35:09,063 [Worker-10: Download sources and javadoc] INFO  o.e.m.j.internal.DownloadSourcesJob - Downloaded sources for org.springframework:spring-beans:5.1.7.RELEASE
2019-05-15 22:35:09,078 [Worker-10: Download sources and javadoc] INFO  o.e.m.j.internal.DownloadSourcesJob - Downloaded sources for org.aspectj:aspectjrt:1.9.3
2019-05-15 22:35:09,107 [Worker-10: Download sources and javadoc] INFO  o.e.m.j.internal.DownloadSourcesJob - Downloaded sources for org.slf4j:slf4j-api:1.7.26
2019-05-15 22:35:09,123 [Worker-10: Download sources and javadoc] INFO  o.e.m.j.internal.DownloadSourcesJob - Downloaded sources for org.springframework:spring-orm:5.1.7.RELEASE
2019-05-15 22:35:09,140 [Worker-10: Download sources and javadoc] INFO  o.e.m.j.internal.DownloadSourcesJob - Downloaded sources for org.springframework:spring-jdbc:5.1.7.RELEASE
2019-05-15 22:35:09,163 [Worker-10: Download sources and javadoc] INFO  o.e.m.j.internal.DownloadSourcesJob - Downloaded sources for org.springframework:spring-context:5.1.7.RELEASE
2019-05-15 22:35:09,180 [Worker-10: Download sources and javadoc] INFO  o.e.m.j.internal.DownloadSourcesJob - Downloaded sources for org.springframework:spring-expression:5.1.7.RELEASE
2019-05-15 22:35:09,197 [Worker-10: Download sources and javadoc] INFO  o.e.m.j.internal.DownloadSourcesJob - Downloaded sources for org.springframework:spring-core:5.1.7.RELEASE
2019-05-15 22:35:09,212 [Worker-10: Download sources and javadoc] INFO  o.e.m.j.internal.DownloadSourcesJob - Downloaded sources for org.springframework:spring-jcl:5.1.7.RELEASE
2019-05-15 22:35:09,229 [Worker-10: Download sources and javadoc] INFO  o.e.m.j.internal.DownloadSourcesJob - Downloaded sources for javax.inject:javax.inject:1
2019-05-15 22:35:09,259 [Worker-10: Download sources and javadoc] INFO  o.e.m.j.internal.DownloadSourcesJob - Downloaded sources for junit:junit:3.8.1
2019-05-15 22:35:09,284 [Worker-10: Download sources and javadoc] INFO  o.e.m.j.internal.DownloadSourcesJob - Downloaded sources for javax.xml.bind:jaxb-api:2.3.0
2019-05-15 22:35:09,304 [Worker-10: Download sources and javadoc] INFO  o.e.m.j.internal.DownloadSourcesJob - Downloaded sources for javax.persistence:javax.persistence-api:2.2
2019-05-15 22:35:11,463 [Worker-4: Building workspace] INFO  o.e.m.c.i.embedder.EclipseLogger - Using 'UTF-8' encoding to copy filtered resources.
2019-05-15 22:35:11,464 [Worker-4: Building workspace] INFO  o.e.m.c.i.embedder.EclipseLogger - skip non existing resourceDirectory D:\Facultate\AnIII\2018\Sem2\PS\Laborator\ProiectDeSemestru\1\src\main\resources
2019-05-15 22:35:11,471 [Worker-4: Building workspace] INFO  o.e.m.c.i.embedder.EclipseLogger - Using 'UTF-8' encoding to copy filtered resources.
2019-05-15 22:35:11,471 [Worker-4: Building workspace] INFO  o.e.m.c.i.embedder.EclipseLogger - skip non existing resourceDirectory D:\Facultate\AnIII\2018\Sem2\PS\Laborator\ProiectDeSemestru\1\src\test\resources
2019-05-15 22:35:31,224 [Worker-0: Building workspace] INFO  o.e.m.c.i.embedder.EclipseLogger - Using 'UTF-8' encoding to copy filtered resources.
2019-05-15 22:35:31,224 [Worker-0: Building workspace] INFO  o.e.m.c.i.embedder.EclipseLogger - skip non existing resourceDirectory D:\Facultate\AnIII\2018\Sem2\PS\Laborator\ProiectDeSemestru\1\src\main\resources
2019-05-15 22:35:31,227 [Worker-0: Building workspace] INFO  o.e.m.c.i.embedder.EclipseLogger - Using 'UTF-8' encoding to copy filtered resources.
2019-05-15 22:35:31,228 [Worker-0: Building workspace] INFO  o.e.m.c.i.embedder.EclipseLogger - skip non existing resourceDirectory D:\Facultate\AnIII\2018\Sem2\PS\Laborator\ProiectDeSemestru\1\src\test\resources
2019-05-15 22:35:57,363 [Worker-9: Building workspace] INFO  o.e.m.c.i.embedder.EclipseLogger - Using 'UTF-8' encoding to copy filtered resources.
2019-05-15 22:35:57,364 [Worker-9: Building workspace] INFO  o.e.m.c.i.embedder.EclipseLogger - skip non existing resourceDirectory D:\Facultate\AnIII\2018\Sem2\PS\Laborator\ProiectDeSemestru\1\src\main\resources
2019-05-15 22:35:57,371 [Worker-9: Building workspace] INFO  o.e.m.c.i.embedder.EclipseLogger - Using 'UTF-8' encoding to copy filtered resources.
2019-05-15 22:35:57,372 [Worker-9: Building workspace] INFO  o.e.m.c.i.embedder.EclipseLogger - skip non existing resourceDirectory D:\Facultate\AnIII\2018\Sem2\PS\Laborator\ProiectDeSemestru\1\src\test\resources
2019-05-15 22:36:05,753 [Worker-7: Building workspace] INFO  o.e.m.c.i.embedder.EclipseLogger - Using 'UTF-8' encoding to copy filtered resources.
2019-05-15 22:36:05,753 [Worker-7: Building workspace] INFO  o.e.m.c.i.embedder.EclipseLogger - skip non existing resourceDirectory D:\Facultate\AnIII\2018\Sem2\PS\Laborator\ProiectDeSemestru\1\src\main\resources
2019-05-15 22:36:05,756 [Worker-7: Building workspace] INFO  o.e.m.c.i.embedder.EclipseLogger - Using 'UTF-8' encoding to copy filtered resources.
2019-05-15 22:36:05,757 [Worker-7: Building workspace] INFO  o.e.m.c.i.embedder.EclipseLogger - skip non existing resourceDirectory D:\Facultate\AnIII\2018\Sem2\PS\Laborator\ProiectDeSemestru\1\src\test\resources
2019-05-15 22:36:38,673 [Worker-3: Building workspace] INFO  o.e.m.c.i.embedder.EclipseLogger - Using 'UTF-8' encoding to copy filtered resources.
2019-05-15 22:36:38,674 [Worker-3: Building workspace] INFO  o.e.m.c.i.embedder.EclipseLogger - skip non existing resourceDirectory D:\Facultate\AnIII\2018\Sem2\PS\Laborator\ProiectDeSemestru\1\src\main\resources
2019-05-15 22:36:38,676 [Worker-3: Building workspace] INFO  o.e.m.c.i.embedder.EclipseLogger - Using 'UTF-8' encoding to copy filtered resources.
2019-05-15 22:36:38,677 [Worker-3: Building workspace] INFO  o.e.m.c.i.embedder.EclipseLogger - skip non existing resourceDirectory D:\Facultate\AnIII\2018\Sem2\PS\Laborator\ProiectDeSemestru\1\src\test\resources
2019-05-15 22:38:47,766 [Worker-9: Building workspace] INFO  o.e.m.c.i.embedder.EclipseLogger - Using 'UTF-8' encoding to copy filtered resources.
2019-05-15 22:38:47,766 [Worker-9: Building workspace] INFO  o.e.m.c.i.embedder.EclipseLogger - skip non existing resourceDirectory D:\Facultate\AnIII\2018\Sem2\PS\Laborator\ProiectDeSemestru\1\src\main\resources
2019-05-15 22:38:47,769 [Worker-9: Building workspace] INFO  o.e.m.c.i.embedder.EclipseLogger - Using 'UTF-8' encoding to copy filtered resources.
2019-05-15 22:38:47,770 [Worker-9: Building workspace] INFO  o.e.m.c.i.embedder.EclipseLogger - skip non existing resourceDirectory D:\Facultate\AnIII\2018\Sem2\PS\Laborator\ProiectDeSemestru\1\src\test\resources
2019-05-15 22:39:07,744 [Worker-14: Building workspace] INFO  o.e.m.c.i.embedder.EclipseLogger - Using 'UTF-8' encoding to copy filtered resources.
2019-05-15 22:39:07,745 [Worker-14: Building workspace] INFO  o.e.m.c.i.embedder.EclipseLogger - skip non existing resourceDirectory D:\Facultate\AnIII\2018\Sem2\PS\Laborator\ProiectDeSemestru\1\src\main\resources
2019-05-15 22:39:07,749 [Worker-14: Building workspace] INFO  o.e.m.c.i.embedder.EclipseLogger - Using 'UTF-8' encoding to copy filtered resources.
2019-05-15 22:39:07,749 [Worker-14: Building workspace] INFO  o.e.m.c.i.embedder.EclipseLogger - skip non existing resourceDirectory D:\Facultate\AnIII\2018\Sem2\PS\Laborator\ProiectDeSemestru\1\src\test\resources
2019-05-15 22:39:21,101 [Worker-14: Building workspace] INFO  o.e.m.c.i.embedder.EclipseLogger - Using 'UTF-8' encoding to copy filtered resources.
2019-05-15 22:39:21,102 [Worker-14: Building workspace] INFO  o.e.m.c.i.embedder.EclipseLogger - skip non existing resourceDirectory D:\Facultate\AnIII\2018\Sem2\PS\Laborator\ProiectDeSemestru\1\src\main\resources
2019-05-15 22:39:21,109 [Worker-14: Building workspace] INFO  o.e.m.c.i.embedder.EclipseLogger - Using 'UTF-8' encoding to copy filtered resources.
2019-05-15 22:39:21,110 [Worker-14: Building workspace] INFO  o.e.m.c.i.embedder.EclipseLogger - skip non existing resourceDirectory D:\Facultate\AnIII\2018\Sem2\PS\Laborator\ProiectDeSemestru\1\src\test\resources
2019-05-15 22:40:10,222 [Worker-9: Building workspace] INFO  o.e.m.c.i.embedder.EclipseLogger - Using 'UTF-8' encoding to copy filtered resources.
2019-05-15 22:40:10,223 [Worker-9: Building workspace] INFO  o.e.m.c.i.embedder.EclipseLogger - skip non existing resourceDirectory D:\Facultate\AnIII\2018\Sem2\PS\Laborator\ProiectDeSemestru\1\src\main\resources
2019-05-15 22:40:10,225 [Worker-9: Building workspace] INFO  o.e.m.c.i.embedder.EclipseLogger - Using 'UTF-8' encoding to copy filtered resources.
2019-05-15 22:40:10,225 [Worker-9: Building workspace] INFO  o.e.m.c.i.embedder.EclipseLogger - skip non existing resourceDirectory D:\Facultate\AnIII\2018\Sem2\PS\Laborator\ProiectDeSemestru\1\src\test\resources
2019-05-15 22:42:22,377 [Worker-5: Building workspace] INFO  o.e.m.c.i.embedder.EclipseLogger - Using 'UTF-8' encoding to copy filtered resources.
2019-05-15 22:42:22,377 [Worker-5: Building workspace] INFO  o.e.m.c.i.embedder.EclipseLogger - skip non existing resourceDirectory D:\Facultate\AnIII\2018\Sem2\PS\Laborator\ProiectDeSemestru\1\src\main\resources
2019-05-15 22:42:22,381 [Worker-5: Building workspace] INFO  o.e.m.c.i.embedder.EclipseLogger - Using 'UTF-8' encoding to copy filtered resources.
2019-05-15 22:42:22,381 [Worker-5: Building workspace] INFO  o.e.m.c.i.embedder.EclipseLogger - skip non existing resourceDirectory D:\Facultate\AnIII\2018\Sem2\PS\Laborator\ProiectDeSemestru\1\src\test\resources
2019-05-15 22:42:31,918 [Worker-9: Building workspace] INFO  o.e.m.c.i.embedder.EclipseLogger - Using 'UTF-8' encoding to copy filtered resources.
2019-05-15 22:42:31,919 [Worker-9: Building workspace] INFO  o.e.m.c.i.embedder.EclipseLogger - skip non existing resourceDirectory D:\Facultate\AnIII\2018\Sem2\PS\Laborator\ProiectDeSemestru\1\src\main\resources
2019-05-15 22:42:31,921 [Worker-9: Building workspace] INFO  o.e.m.c.i.embedder.EclipseLogger - Using 'UTF-8' encoding to copy filtered resources.
2019-05-15 22:42:31,921 [Worker-9: Building workspace] INFO  o.e.m.c.i.embedder.EclipseLogger - skip non existing resourceDirectory D:\Facultate\AnIII\2018\Sem2\PS\Laborator\ProiectDeSemestru\1\src\test\resources
2019-05-15 22:43:15,369 [Worker-14: Building workspace] INFO  o.e.m.c.i.embedder.EclipseLogger - Using 'UTF-8' encoding to copy filtered resources.
2019-05-15 22:43:15,369 [Worker-14: Building workspace] INFO  o.e.m.c.i.embedder.EclipseLogger - skip non existing resourceDirectory D:\Facultate\AnIII\2018\Sem2\PS\Laborator\ProiectDeSemestru\1\src\main\resources
2019-05-15 22:43:15,372 [Worker-14: Building workspace] INFO  o.e.m.c.i.embedder.EclipseLogger - Using 'UTF-8' encoding to copy filtered resources.
2019-05-15 22:43:15,372 [Worker-14: Building workspace] INFO  o.e.m.c.i.embedder.EclipseLogger - skip non existing resourceDirectory D:\Facultate\AnIII\2018\Sem2\PS\Laborator\ProiectDeSemestru\1\src\test\resources
2019-05-15 22:43:26,537 [Worker-2: Building workspace] INFO  o.e.m.c.i.embedder.EclipseLogger - Using 'UTF-8' encoding to copy filtered resources.
2019-05-15 22:43:26,538 [Worker-2: Building workspace] INFO  o.e.m.c.i.embedder.EclipseLogger - skip non existing resourceDirectory D:\Facultate\AnIII\2018\Sem2\PS\Laborator\ProiectDeSemestru\1\src\main\resources
2019-05-15 22:43:26,540 [Worker-2: Building workspace] INFO  o.e.m.c.i.embedder.EclipseLogger - Using 'UTF-8' encoding to copy filtered resources.
2019-05-15 22:43:26,541 [Worker-2: Building workspace] INFO  o.e.m.c.i.embedder.EclipseLogger - skip non existing resourceDirectory D:\Facultate\AnIII\2018\Sem2\PS\Laborator\ProiectDeSemestru\1\src\test\resources
2019-05-15 22:43:40,145 [Worker-8: Building workspace] INFO  o.e.m.c.i.embedder.EclipseLogger - Using 'UTF-8' encoding to copy filtered resources.
2019-05-15 22:43:40,145 [Worker-8: Building workspace] INFO  o.e.m.c.i.embedder.EclipseLogger - skip non existing resourceDirectory D:\Facultate\AnIII\2018\Sem2\PS\Laborator\ProiectDeSemestru\1\src\main\resources
2019-05-15 22:43:40,147 [Worker-8: Building workspace] INFO  o.e.m.c.i.embedder.EclipseLogger - Using 'UTF-8' encoding to copy filtered resources.
2019-05-15 22:43:40,148 [Worker-8: Building workspace] INFO  o.e.m.c.i.embedder.EclipseLogger - skip non existing resourceDirectory D:\Facultate\AnIII\2018\Sem2\PS\Laborator\ProiectDeSemestru\1\src\test\resources
2019-05-15 22:44:52,741 [Worker-12: Building workspace] INFO  o.e.m.c.i.embedder.EclipseLogger - Using 'UTF-8' encoding to copy filtered resources.
2019-05-15 22:44:52,742 [Worker-12: Building workspace] INFO  o.e.m.c.i.embedder.EclipseLogger - skip non existing resourceDirectory D:\Facultate\AnIII\2018\Sem2\PS\Laborator\ProiectDeSemestru\1\src\main\resources
2019-05-15 22:44:52,744 [Worker-12: Building workspace] INFO  o.e.m.c.i.embedder.EclipseLogger - Using 'UTF-8' encoding to copy filtered resources.
2019-05-15 22:44:52,744 [Worker-12: Building workspace] INFO  o.e.m.c.i.embedder.EclipseLogger - skip non existing resourceDirectory D:\Facultate\AnIII\2018\Sem2\PS\Laborator\ProiectDeSemestru\1\src\test\resources
2019-05-15 22:45:38,565 [Worker-5: Building workspace] INFO  o.e.m.c.i.embedder.EclipseLogger - Using 'UTF-8' encoding to copy filtered resources.
2019-05-15 22:45:38,566 [Worker-5: Building workspace] INFO  o.e.m.c.i.embedder.EclipseLogger - skip non existing resourceDirectory D:\Facultate\AnIII\2018\Sem2\PS\Laborator\ProiectDeSemestru\1\src\main\resources
2019-05-15 22:45:38,570 [Worker-5: Building workspace] INFO  o.e.m.c.i.embedder.EclipseLogger - Using 'UTF-8' encoding to copy filtered resources.
2019-05-15 22:45:38,570 [Worker-5: Building workspace] INFO  o.e.m.c.i.embedder.EclipseLogger - skip non existing resourceDirectory D:\Facultate\AnIII\2018\Sem2\PS\Laborator\ProiectDeSemestru\1\src\test\resources
2019-05-15 22:46:21,371 [Worker-5: Building workspace] INFO  o.e.m.c.i.embedder.EclipseLogger - Using 'UTF-8' encoding to copy filtered resources.
2019-05-15 22:46:21,371 [Worker-5: Building workspace] INFO  o.e.m.c.i.embedder.EclipseLogger - skip non existing resourceDirectory D:\Facultate\AnIII\2018\Sem2\PS\Laborator\ProiectDeSemestru\1\src\main\resources
2019-05-15 22:46:21,373 [Worker-5: Building workspace] INFO  o.e.m.c.i.embedder.EclipseLogger - Using 'UTF-8' encoding to copy filtered resources.
2019-05-15 22:46:21,373 [Worker-5: Building workspace] INFO  o.e.m.c.i.embedder.EclipseLogger - skip non existing resourceDirectory D:\Facultate\AnIII\2018\Sem2\PS\Laborator\ProiectDeSemestru\1\src\test\resources
2019-05-15 22:46:36,634 [Worker-16: Building workspace] INFO  o.e.m.c.i.embedder.EclipseLogger - Using 'UTF-8' encoding to copy filtered resources.
2019-05-15 22:46:36,634 [Worker-16: Building workspace] INFO  o.e.m.c.i.embedder.EclipseLogger - skip non existing resourceDirectory D:\Facultate\AnIII\2018\Sem2\PS\Laborator\ProiectDeSemestru\1\src\main\resources
2019-05-15 22:46:36,636 [Worker-16: Building workspace] INFO  o.e.m.c.i.embedder.EclipseLogger - Using 'UTF-8' encoding to copy filtered resources.
2019-05-15 22:46:36,636 [Worker-16: Building workspace] INFO  o.e.m.c.i.embedder.EclipseLogger - skip non existing resourceDirectory D:\Facultate\AnIII\2018\Sem2\PS\Laborator\ProiectDeSemestru\1\src\test\resources
2019-05-15 22:46:43,729 [Worker-15: Building workspace] INFO  o.e.m.c.i.embedder.EclipseLogger - Using 'UTF-8' encoding to copy filtered resources.
2019-05-15 22:46:43,729 [Worker-15: Building workspace] INFO  o.e.m.c.i.embedder.EclipseLogger - skip non existing resourceDirectory D:\Facultate\AnIII\2018\Sem2\PS\Laborator\ProiectDeSemestru\1\src\main\resources
2019-05-15 22:46:43,731 [Worker-15: Building workspace] INFO  o.e.m.c.i.embedder.EclipseLogger - Using 'UTF-8' encoding to copy filtered resources.
2019-05-15 22:46:43,732 [Worker-15: Building workspace] INFO  o.e.m.c.i.embedder.EclipseLogger - skip non existing resourceDirectory D:\Facultate\AnIII\2018\Sem2\PS\Laborator\ProiectDeSemestru\1\src\test\resources
2019-05-15 22:47:08,099 [Worker-14: Building workspace] INFO  o.e.m.c.i.embedder.EclipseLogger - Using 'UTF-8' encoding to copy filtered resources.
2019-05-15 22:47:08,099 [Worker-14: Building workspace] INFO  o.e.m.c.i.embedder.EclipseLogger - skip non existing resourceDirectory D:\Facultate\AnIII\2018\Sem2\PS\Laborator\ProiectDeSemestru\1\src\main\resources
2019-05-15 22:47:08,101 [Worker-14: Building workspace] INFO  o.e.m.c.i.embedder.EclipseLogger - Using 'UTF-8' encoding to copy filtered resources.
2019-05-15 22:47:08,101 [Worker-14: Building workspace] INFO  o.e.m.c.i.embedder.EclipseLogger - skip non existing resourceDirectory D:\Facultate\AnIII\2018\Sem2\PS\Laborator\ProiectDeSemestru\1\src\test\resources
2019-05-15 22:47:28,260 [Worker-9: Building workspace] INFO  o.e.m.c.i.embedder.EclipseLogger - Using 'UTF-8' encoding to copy filtered resources.
2019-05-15 22:47:28,261 [Worker-9: Building workspace] INFO  o.e.m.c.i.embedder.EclipseLogger - skip non existing resourceDirectory D:\Facultate\AnIII\2018\Sem2\PS\Laborator\ProiectDeSemestru\1\src\main\resources
2019-05-15 22:47:28,263 [Worker-9: Building workspace] INFO  o.e.m.c.i.embedder.EclipseLogger - Using 'UTF-8' encoding to copy filtered resources.
2019-05-15 22:47:28,263 [Worker-9: Building workspace] INFO  o.e.m.c.i.embedder.EclipseLogger - skip non existing resourceDirectory D:\Facultate\AnIII\2018\Sem2\PS\Laborator\ProiectDeSemestru\1\src\test\resources
2019-05-15 22:48:08,195 [Worker-5: Building workspace] INFO  o.e.m.c.i.embedder.EclipseLogger - Using 'UTF-8' encoding to copy filtered resources.
2019-05-15 22:48:08,196 [Worker-5: Building workspace] INFO  o.e.m.c.i.embedder.EclipseLogger - skip non existing resourceDirectory D:\Facultate\AnIII\2018\Sem2\PS\Laborator\ProiectDeSemestru\1\src\main\resources
2019-05-15 22:48:08,199 [Worker-5: Building workspace] INFO  o.e.m.c.i.embedder.EclipseLogger - Using 'UTF-8' encoding to copy filtered resources.
2019-05-15 22:48:08,199 [Worker-5: Building workspace] INFO  o.e.m.c.i.embedder.EclipseLogger - skip non existing resourceDirectory D:\Facultate\AnIII\2018\Sem2\PS\Laborator\ProiectDeSemestru\1\src\test\resources
2019-05-15 22:48:12,674 [Worker-16: Building workspace] INFO  o.e.m.c.i.embedder.EclipseLogger - Using 'UTF-8' encoding to copy filtered resources.
2019-05-15 22:48:12,675 [Worker-16: Building workspace] INFO  o.e.m.c.i.embedder.EclipseLogger - skip non existing resourceDirectory D:\Facultate\AnIII\2018\Sem2\PS\Laborator\ProiectDeSemestru\1\src\main\resources
2019-05-15 22:48:12,677 [Worker-16: Building workspace] INFO  o.e.m.c.i.embedder.EclipseLogger - Using 'UTF-8' encoding to copy filtered resources.
2019-05-15 22:48:12,677 [Worker-16: Building workspace] INFO  o.e.m.c.i.embedder.EclipseLogger - skip non existing resourceDirectory D:\Facultate\AnIII\2018\Sem2\PS\Laborator\ProiectDeSemestru\1\src\test\resources
2019-05-15 22:48:42,576 [Worker-12: Building workspace] INFO  o.e.m.c.i.embedder.EclipseLogger - Using 'UTF-8' encoding to copy filtered resources.
2019-05-15 22:48:42,577 [Worker-12: Building workspace] INFO  o.e.m.c.i.embedder.EclipseLogger - skip non existing resourceDirectory D:\Facultate\AnIII\2018\Sem2\PS\Laborator\ProiectDeSemestru\1\src\main\resources
2019-05-15 22:48:42,578 [Worker-12: Building workspace] INFO  o.e.m.c.i.embedder.EclipseLogger - Using 'UTF-8' encoding to copy filtered resources.
2019-05-15 22:48:42,579 [Worker-12: Building workspace] INFO  o.e.m.c.i.embedder.EclipseLogger - skip non existing resourceDirectory D:\Facultate\AnIII\2018\Sem2\PS\Laborator\ProiectDeSemestru\1\src\test\resources
2019-05-15 22:48:57,557 [Worker-16: Building workspace] INFO  o.e.m.c.i.embedder.EclipseLogger - Using 'UTF-8' encoding to copy filtered resources.
2019-05-15 22:48:57,558 [Worker-16: Building workspace] INFO  o.e.m.c.i.embedder.EclipseLogger - skip non existing resourceDirectory D:\Facultate\AnIII\2018\Sem2\PS\Laborator\ProiectDeSemestru\1\src\main\resources
2019-05-15 22:48:57,561 [Worker-16: Building workspace] INFO  o.e.m.c.i.embedder.EclipseLogger - Using 'UTF-8' encoding to copy filtered resources.
2019-05-15 22:48:57,562 [Worker-16: Building workspace] INFO  o.e.m.c.i.embedder.EclipseLogger - skip non existing resourceDirectory D:\Facultate\AnIII\2018\Sem2\PS\Laborator\ProiectDeSemestru\1\src\test\resources
2019-05-15 22:49:10,069 [Worker-5: Building workspace] INFO  o.e.m.c.i.embedder.EclipseLogger - Using 'UTF-8' encoding to copy filtered resources.
2019-05-15 22:49:10,069 [Worker-5: Building workspace] INFO  o.e.m.c.i.embedder.EclipseLogger - skip non existing resourceDirectory D:\Facultate\AnIII\2018\Sem2\PS\Laborator\ProiectDeSemestru\1\src\main\resources
2019-05-15 22:49:10,071 [Worker-5: Building workspace] INFO  o.e.m.c.i.embedder.EclipseLogger - Using 'UTF-8' encoding to copy filtered resources.
2019-05-15 22:49:10,072 [Worker-5: Building workspace] INFO  o.e.m.c.i.embedder.EclipseLogger - skip non existing resourceDirectory D:\Facultate\AnIII\2018\Sem2\PS\Laborator\ProiectDeSemestru\1\src\test\resources
2019-05-15 22:49:29,127 [Worker-12: Building workspace] INFO  o.e.m.c.i.embedder.EclipseLogger - Using 'UTF-8' encoding to copy filtered resources.
2019-05-15 22:49:29,127 [Worker-12: Building workspace] INFO  o.e.m.c.i.embedder.EclipseLogger - skip non existing resourceDirectory D:\Facultate\AnIII\2018\Sem2\PS\Laborator\ProiectDeSemestru\1\src\main\resources
2019-05-15 22:49:29,127 [Worker-12: Building workspace] INFO  o.e.m.c.i.embedder.EclipseLogger - Using 'UTF-8' encoding to copy filtered resources.
2019-05-15 22:49:29,127 [Worker-12: Building workspace] INFO  o.e.m.c.i.embedder.EclipseLogger - skip non existing resourceDirectory D:\Facultate\AnIII\2018\Sem2\PS\Laborator\ProiectDeSemestru\1\src\test\resources
2019-05-15 22:50:47,601 [Worker-2: Building workspace] INFO  o.e.m.c.i.embedder.EclipseLogger - Using 'UTF-8' encoding to copy filtered resources.
2019-05-15 22:50:47,601 [Worker-2: Building workspace] INFO  o.e.m.c.i.embedder.EclipseLogger - skip non existing resourceDirectory D:\Facultate\AnIII\2018\Sem2\PS\Laborator\ProiectDeSemestru\1\src\main\resources
2019-05-15 22:50:47,601 [Worker-2: Building workspace] INFO  o.e.m.c.i.embedder.EclipseLogger - Using 'UTF-8' encoding to copy filtered resources.
2019-05-15 22:50:47,601 [Worker-2: Building workspace] INFO  o.e.m.c.i.embedder.EclipseLogger - skip non existing resourceDirectory D:\Facultate\AnIII\2018\Sem2\PS\Laborator\ProiectDeSemestru\1\src\test\resources
2019-05-15 22:55:01,229 [Worker-12: Building workspace] INFO  o.e.m.c.i.embedder.EclipseLogger - Using 'UTF-8' encoding to copy filtered resources.
2019-05-15 22:55:01,229 [Worker-12: Building workspace] INFO  o.e.m.c.i.embedder.EclipseLogger - skip non existing resourceDirectory D:\Facultate\AnIII\2018\Sem2\PS\Laborator\ProiectDeSemestru\1\src\main\resources
2019-05-15 22:55:01,244 [Worker-12: Building workspace] INFO  o.e.m.c.i.embedder.EclipseLogger - Using 'UTF-8' encoding to copy filtered resources.
2019-05-15 22:55:01,244 [Worker-12: Building workspace] INFO  o.e.m.c.i.embedder.EclipseLogger - skip non existing resourceDirectory D:\Facultate\AnIII\2018\Sem2\PS\Laborator\ProiectDeSemestru\1\src\test\resources
2019-05-15 22:55:07,010 [Worker-17: Building workspace] INFO  o.e.m.c.i.embedder.EclipseLogger - Using 'UTF-8' encoding to copy filtered resources.
2019-05-15 22:55:07,010 [Worker-17: Building workspace] INFO  o.e.m.c.i.embedder.EclipseLogger - skip non existing resourceDirectory D:\Facultate\AnIII\2018\Sem2\PS\Laborator\ProiectDeSemestru\1\src\main\resources
2019-05-15 22:55:07,010 [Worker-17: Building workspace] INFO  o.e.m.c.i.embedder.EclipseLogger - Using 'UTF-8' encoding to copy filtered resources.
2019-05-15 22:55:07,010 [Worker-17: Building workspace] INFO  o.e.m.c.i.embedder.EclipseLogger - skip non existing resourceDirectory D:\Facultate\AnIII\2018\Sem2\PS\Laborator\ProiectDeSemestru\1\src\test\resources
2019-05-15 22:55:22,230 [Worker-12: Building workspace] INFO  o.e.m.c.i.embedder.EclipseLogger - Using 'UTF-8' encoding to copy filtered resources.
2019-05-15 22:55:22,230 [Worker-12: Building workspace] INFO  o.e.m.c.i.embedder.EclipseLogger - skip non existing resourceDirectory D:\Facultate\AnIII\2018\Sem2\PS\Laborator\ProiectDeSemestru\1\src\main\resources
2019-05-15 22:55:22,230 [Worker-12: Building workspace] INFO  o.e.m.c.i.embedder.EclipseLogger - Using 'UTF-8' encoding to copy filtered resources.
2019-05-15 22:55:22,230 [Worker-12: Building workspace] INFO  o.e.m.c.i.embedder.EclipseLogger - skip non existing resourceDirectory D:\Facultate\AnIII\2018\Sem2\PS\Laborator\ProiectDeSemestru\1\src\test\resources
2019-05-15 22:56:27,281 [Worker-15: Building workspace] INFO  o.e.m.c.i.embedder.EclipseLogger - Using 'UTF-8' encoding to copy filtered resources.
2019-05-15 22:56:27,281 [Worker-15: Building workspace] INFO  o.e.m.c.i.embedder.EclipseLogger - skip non existing resourceDirectory D:\Facultate\AnIII\2018\Sem2\PS\Laborator\ProiectDeSemestru\1\src\main\resources
2019-05-15 22:56:27,281 [Worker-15: Building workspace] INFO  o.e.m.c.i.embedder.EclipseLogger - Using 'UTF-8' encoding to copy filtered resources.
2019-05-15 22:56:27,281 [Worker-15: Building workspace] INFO  o.e.m.c.i.embedder.EclipseLogger - skip non existing resourceDirectory D:\Facultate\AnIII\2018\Sem2\PS\Laborator\ProiectDeSemestru\1\src\test\resources
2019-05-15 22:56:40,923 [Worker-18: Building workspace] INFO  o.e.m.c.i.embedder.EclipseLogger - Using 'UTF-8' encoding to copy filtered resources.
2019-05-15 22:56:40,923 [Worker-18: Building workspace] INFO  o.e.m.c.i.embedder.EclipseLogger - skip non existing resourceDirectory D:\Facultate\AnIII\2018\Sem2\PS\Laborator\ProiectDeSemestru\1\src\main\resources
2019-05-15 22:56:40,923 [Worker-18: Building workspace] INFO  o.e.m.c.i.embedder.EclipseLogger - Using 'UTF-8' encoding to copy filtered resources.
2019-05-15 22:56:40,923 [Worker-18: Building workspace] INFO  o.e.m.c.i.embedder.EclipseLogger - skip non existing resourceDirectory D:\Facultate\AnIII\2018\Sem2\PS\Laborator\ProiectDeSemestru\1\src\test\resources
2019-05-15 22:56:52,267 [Worker-18: Building workspace] INFO  o.e.m.c.i.embedder.EclipseLogger - Using 'UTF-8' encoding to copy filtered resources.
2019-05-15 22:56:52,267 [Worker-18: Building workspace] INFO  o.e.m.c.i.embedder.EclipseLogger - skip non existing resourceDirectory D:\Facultate\AnIII\2018\Sem2\PS\Laborator\ProiectDeSemestru\1\src\main\resources
2019-05-15 22:56:52,267 [Worker-18: Building workspace] INFO  o.e.m.c.i.embedder.EclipseLogger - Using 'UTF-8' encoding to copy filtered resources.
2019-05-15 22:56:52,283 [Worker-18: Building workspace] INFO  o.e.m.c.i.embedder.EclipseLogger - skip non existing resourceDirectory D:\Facultate\AnIII\2018\Sem2\PS\Laborator\ProiectDeSemestru\1\src\test\resources
2019-05-15 22:57:08,300 [Worker-18: Building workspace] INFO  o.e.m.c.i.embedder.EclipseLogger - Using 'UTF-8' encoding to copy filtered resources.
2019-05-15 22:57:08,300 [Worker-18: Building workspace] INFO  o.e.m.c.i.embedder.EclipseLogger - skip non existing resourceDirectory D:\Facultate\AnIII\2018\Sem2\PS\Laborator\ProiectDeSemestru\1\src\main\resources
2019-05-15 22:57:08,300 [Worker-18: Building workspace] INFO  o.e.m.c.i.embedder.EclipseLogger - Using 'UTF-8' encoding to copy filtered resources.
2019-05-15 22:57:08,300 [Worker-18: Building workspace] INFO  o.e.m.c.i.embedder.EclipseLogger - skip non existing resourceDirectory D:\Facultate\AnIII\2018\Sem2\PS\Laborator\ProiectDeSemestru\1\src\test\resources
2019-05-15 22:58:18,367 [Worker-17: Building workspace] INFO  o.e.m.c.i.embedder.EclipseLogger - Using 'UTF-8' encoding to copy filtered resources.
2019-05-15 22:58:18,367 [Worker-17: Building workspace] INFO  o.e.m.c.i.embedder.EclipseLogger - skip non existing resourceDirectory D:\Facultate\AnIII\2018\Sem2\PS\Laborator\ProiectDeSemestru\1\src\main\resources
2019-05-15 22:58:18,367 [Worker-17: Building workspace] INFO  o.e.m.c.i.embedder.EclipseLogger - Using 'UTF-8' encoding to copy filtered resources.
2019-05-15 22:58:18,367 [Worker-17: Building workspace] INFO  o.e.m.c.i.embedder.EclipseLogger - skip non existing resourceDirectory D:\Facultate\AnIII\2018\Sem2\PS\Laborator\ProiectDeSemestru\1\src\test\resources
2019-05-15 22:58:26,321 [Worker-19: Building workspace] INFO  o.e.m.c.i.embedder.EclipseLogger - Using 'UTF-8' encoding to copy filtered resources.
2019-05-15 22:58:26,321 [Worker-19: Building workspace] INFO  o.e.m.c.i.embedder.EclipseLogger - skip non existing resourceDirectory D:\Facultate\AnIII\2018\Sem2\PS\Laborator\ProiectDeSemestru\1\src\main\resources
2019-05-15 22:58:26,321 [Worker-19: Building workspace] INFO  o.e.m.c.i.embedder.EclipseLogger - Using 'UTF-8' encoding to copy filtered resources.
2019-05-15 22:58:26,321 [Worker-19: Building workspace] INFO  o.e.m.c.i.embedder.EclipseLogger - skip non existing resourceDirectory D:\Facultate\AnIII\2018\Sem2\PS\Laborator\ProiectDeSemestru\1\src\test\resources
2019-05-15 22:59:59,249 [Worker-19: Building workspace] INFO  o.e.m.c.i.embedder.EclipseLogger - Using 'UTF-8' encoding to copy filtered resources.
2019-05-15 22:59:59,249 [Worker-19: Building workspace] INFO  o.e.m.c.i.embedder.EclipseLogger - skip non existing resourceDirectory D:\Facultate\AnIII\2018\Sem2\PS\Laborator\ProiectDeSemestru\1\src\main\resources
2019-05-15 22:59:59,249 [Worker-19: Building workspace] INFO  o.e.m.c.i.embedder.EclipseLogger - Using 'UTF-8' encoding to copy filtered resources.
2019-05-15 22:59:59,249 [Worker-19: Building workspace] INFO  o.e.m.c.i.embedder.EclipseLogger - skip non existing resourceDirectory D:\Facultate\AnIII\2018\Sem2\PS\Laborator\ProiectDeSemestru\1\src\test\resources
2019-05-15 23:00:04,312 [Worker-19: Building workspace] INFO  o.e.m.c.i.embedder.EclipseLogger - Using 'UTF-8' encoding to copy filtered resources.
2019-05-15 23:00:04,312 [Worker-19: Building workspace] INFO  o.e.m.c.i.embedder.EclipseLogger - skip non existing resourceDirectory D:\Facultate\AnIII\2018\Sem2\PS\Laborator\ProiectDeSemestru\1\src\main\resources
2019-05-15 23:00:04,327 [Worker-19: Building workspace] INFO  o.e.m.c.i.embedder.EclipseLogger - Using 'UTF-8' encoding to copy filtered resources.
2019-05-15 23:00:04,327 [Worker-19: Building workspace] INFO  o.e.m.c.i.embedder.EclipseLogger - skip non existing resourceDirectory D:\Facultate\AnIII\2018\Sem2\PS\Laborator\ProiectDeSemestru\1\src\test\resources
